26-Oct-2024 14:20:18.776 INFO [main] org.apache.catalina.startup.VersionLoggerListener.log Server version name:   Apache Tomcat/10.1.28
26-Oct-2024 14:20:18.782 INFO [main] org.apache.catalina.startup.VersionLoggerListener.log Server built:          Aug 2 2024 15:14:43 UTC
26-Oct-2024 14:20:18.784 INFO [main] org.apache.catalina.startup.VersionLoggerListener.log Server version number: 10.1.28.0
26-Oct-2024 14:20:18.784 INFO [main] org.apache.catalina.startup.VersionLoggerListener.log OS Name:               Windows 11
26-Oct-2024 14:20:18.784 INFO [main] org.apache.catalina.startup.VersionLoggerListener.log OS Version:            10.0
26-Oct-2024 14:20:18.784 INFO [main] org.apache.catalina.startup.VersionLoggerListener.log Architecture:          amd64
26-Oct-2024 14:20:18.785 INFO [main] org.apache.catalina.startup.VersionLoggerListener.log Java Home:             C:\Program Files\Java\jdk-22
26-Oct-2024 14:20:18.785 INFO [main] org.apache.catalina.startup.VersionLoggerListener.log JVM Version:           22.0.1+8-16
26-Oct-2024 14:20:18.785 INFO [main] org.apache.catalina.startup.VersionLoggerListener.log JVM Vendor:            Oracle Corporation
26-Oct-2024 14:20:18.785 INFO [main] org.apache.catalina.startup.VersionLoggerListener.log CATALINA_BASE:         C:\Users\abhin\Downloads\delete\mvc
26-Oct-2024 14:20:18.785 INFO [main] org.apache.catalina.startup.VersionLoggerListener.log CATALINA_HOME:         C:\jdk\Apache Software Foundation\Tomcat 10.1
26-Oct-2024 14:20:18.802 INFO [main] org.apache.catalina.startup.VersionLoggerListener.log Command line argument: --add-opens=java.base/java.lang=ALL-UNNAMED
26-Oct-2024 14:20:18.802 INFO [main] org.apache.catalina.startup.VersionLoggerListener.log Command line argument: --add-opens=java.base/java.io=ALL-UNNAMED
26-Oct-2024 14:20:18.803 INFO [main] org.apache.catalina.startup.VersionLoggerListener.log Command line argument: --add-opens=java.base/java.util=ALL-UNNAMED
26-Oct-2024 14:20:18.804 INFO [main] org.apache.catalina.startup.VersionLoggerListener.log Command line argument: --add-opens=java.base/java.util.concurrent=ALL-UNNAMED
26-Oct-2024 14:20:18.804 INFO [main] org.apache.catalina.startup.VersionLoggerListener.log Command line argument: --add-opens=java.rmi/sun.rmi.transport=ALL-UNNAMED
26-Oct-2024 14:20:18.804 INFO [main] org.apache.catalina.startup.VersionLoggerListener.log Command line argument: -Dcatalina.home=C:\jdk\Apache Software Foundation\Tomcat 10.1
26-Oct-2024 14:20:18.804 INFO [main] org.apache.catalina.startup.VersionLoggerListener.log Command line argument: -Dcatalina.base=C:\Users\abhin\Downloads\delete\mvc
26-Oct-2024 14:20:18.806 INFO [main] org.apache.catalina.startup.VersionLoggerListener.log Command line argument: -Djava.io.tmpdir=C:\Users\abhin\Downloads\delete\mvc\temp
26-Oct-2024 14:20:18.807 INFO [main] org.apache.catalina.startup.VersionLoggerListener.log Command line argument: -Djava.util.logging.config.file=C:\Users\abhin\Downloads\delete\mvc\conf\logging.properties
26-Oct-2024 14:20:18.807 INFO [main] org.apache.catalina.startup.VersionLoggerListener.log Command line argument: -Djava.util.logging.manager=org.apache.juli.ClassLoaderLogManager
26-Oct-2024 14:20:18.807 INFO [main] org.apache.catalina.startup.VersionLoggerListener.log Command line argument: -javaagent:C:\Program Files\JetBrains\IntelliJ IDEA Community Edition 2024.2.3\lib\idea_rt.jar=57058:C:\Program Files\JetBrains\IntelliJ IDEA Community Edition 2024.2.3\bin
26-Oct-2024 14:20:18.807 INFO [main] org.apache.catalina.startup.VersionLoggerListener.log Command line argument: -Dfile.encoding=UTF-8
26-Oct-2024 14:20:18.808 INFO [main] org.apache.catalina.startup.VersionLoggerListener.log Command line argument: -Dsun.stdout.encoding=UTF-8
26-Oct-2024 14:20:18.808 INFO [main] org.apache.catalina.startup.VersionLoggerListener.log Command line argument: -Dsun.stderr.encoding=UTF-8
26-Oct-2024 14:20:18.843 INFO [main] org.apache.catalina.core.AprLifecycleListener.lifecycleEvent The Apache Tomcat Native library which allows using OpenSSL was not found on the java.library.path: [C:\Program Files\Java\jdk-22\bin;C:\Windows\Sun\Java\bin;C:\Windows\system32;C:\Windows;C:\Program Files\Common Files\Oracle\Java\javapath;C:\Windows\system32;C:\Windows;C:\Windows\System32\Wbem;C:\Windows\System32\WindowsPowerShell\v1.0\;C:\Windows\System32\OpenSSH\;C:\Program Files\Git\cmd;C:\Program Files\Java\jdk-17\bin;;C:\Program Files\Docker\Docker\resources\bin;C:\Program Files\MySQL\MySQL Shell 8.0\bin\;C:\Users\abhin\AppData\Local\Microsoft\WindowsApps;C:\Program Files\JetBrain\IntelliJ IDEA 2024.2.3\bin;;C:\Program Files\Java\jdk-17\bin;;C:\Program Files\JetBrains\IntelliJ IDEA Community Edition 2024.2.3\bin;;C:\Users\abhin\AppData\Local\Programs\Microsoft VS Code\bin;C:\IdemiaL1RdService\RDService;C:\IdemiaL1RdService\RDService;C:\IdemiaL1RdService\RDService;C:\IdemiaL1RdService\RDService;C:\IdemiaL1RdService\RDService;C:\Program Files (x86)\Brackets\;.]
26-Oct-2024 14:20:19.658 INFO [main] org.apache.coyote.AbstractProtocol.init Initializing ProtocolHandler ["http-nio-8080"]
26-Oct-2024 14:20:19.689 INFO [main] org.apache.catalina.startup.Catalina.load Server initialization in [1303] milliseconds
26-Oct-2024 14:20:19.786 INFO [main] org.apache.catalina.core.StandardService.startInternal Starting service [Catalina]
26-Oct-2024 14:20:19.786 INFO [main] org.apache.catalina.core.StandardEngine.startInternal Starting Servlet engine: [Apache Tomcat/10.1.28]
26-Oct-2024 14:20:19.802 INFO [main] org.apache.catalina.startup.HostConfig.deployDescriptor Deploying deployment descriptor [C:\Users\abhin\Downloads\delete\mvc\conf\Catalina\localhost\mvc.xml]
26-Oct-2024 14:20:22.913 INFO [main] org.apache.jasper.servlet.TldScanner.scanJars At least one JAR was scanned for TLDs yet contained no TLDs. Enable debug logging for this logger for a complete list of JARs that were scanned but no TLDs were found in them. Skipping unneeded JARs during scanning can improve startup time and JSP compilation time.
26-Oct-2024 14:20:23.003 INFO [main] org.apache.catalina.startup.HostConfig.deployDescriptor Deployment of deployment descriptor [C:\Users\abhin\Downloads\delete\mvc\conf\Catalina\localhost\mvc.xml] has finished in [3,201] ms
26-Oct-2024 14:20:23.010 INFO [main] org.apache.coyote.AbstractProtocol.start Starting ProtocolHandler ["http-nio-8080"]
26-Oct-2024 14:20:23.053 INFO [main] org.apache.catalina.startup.Catalina.start Server startup in [3361] milliseconds
26-Oct-2024 14:20:34.784 INFO [Thread-1] org.apache.coyote.AbstractProtocol.pause Pausing ProtocolHandler ["http-nio-8080"]
26-Oct-2024 14:20:34.790 INFO [Thread-1] org.apache.catalina.core.StandardService.stopInternal Stopping service [Catalina]
26-Oct-2024 14:20:34.810 INFO [Thread-1] org.apache.coyote.AbstractProtocol.stop Stopping ProtocolHandler ["http-nio-8080"]
26-Oct-2024 14:20:34.825 INFO [Thread-1] org.apache.coyote.AbstractProtocol.destroy Destroying ProtocolHandler ["http-nio-8080"]
26-Oct-2024 14:21:01.579 INFO [main] org.apache.catalina.startup.VersionLoggerListener.log Server version name:   Apache Tomcat/10.1.28
26-Oct-2024 14:21:01.586 INFO [main] org.apache.catalina.startup.VersionLoggerListener.log Server built:          Aug 2 2024 15:14:43 UTC
26-Oct-2024 14:21:01.587 INFO [main] org.apache.catalina.startup.VersionLoggerListener.log Server version number: 10.1.28.0
26-Oct-2024 14:21:01.588 INFO [main] org.apache.catalina.startup.VersionLoggerListener.log OS Name:               Windows 11
26-Oct-2024 14:21:01.588 INFO [main] org.apache.catalina.startup.VersionLoggerListener.log OS Version:            10.0
26-Oct-2024 14:21:01.588 INFO [main] org.apache.catalina.startup.VersionLoggerListener.log Architecture:          amd64
26-Oct-2024 14:21:01.588 INFO [main] org.apache.catalina.startup.VersionLoggerListener.log Java Home:             C:\Program Files\Java\jdk-22
26-Oct-2024 14:21:01.589 INFO [main] org.apache.catalina.startup.VersionLoggerListener.log JVM Version:           22.0.1+8-16
26-Oct-2024 14:21:01.589 INFO [main] org.apache.catalina.startup.VersionLoggerListener.log JVM Vendor:            Oracle Corporation
26-Oct-2024 14:21:01.589 INFO [main] org.apache.catalina.startup.VersionLoggerListener.log CATALINA_BASE:         C:\Users\abhin\Downloads\delete\mvc
26-Oct-2024 14:21:01.589 INFO [main] org.apache.catalina.startup.VersionLoggerListener.log CATALINA_HOME:         C:\jdk\Apache Software Foundation\Tomcat 10.1
26-Oct-2024 14:21:01.603 INFO [main] org.apache.catalina.startup.VersionLoggerListener.log Command line argument: --add-opens=java.base/java.lang=ALL-UNNAMED
26-Oct-2024 14:21:01.604 INFO [main] org.apache.catalina.startup.VersionLoggerListener.log Command line argument: --add-opens=java.base/java.io=ALL-UNNAMED
26-Oct-2024 14:21:01.604 INFO [main] org.apache.catalina.startup.VersionLoggerListener.log Command line argument: --add-opens=java.base/java.util=ALL-UNNAMED
26-Oct-2024 14:21:01.604 INFO [main] org.apache.catalina.startup.VersionLoggerListener.log Command line argument: --add-opens=java.base/java.util.concurrent=ALL-UNNAMED
26-Oct-2024 14:21:01.604 INFO [main] org.apache.catalina.startup.VersionLoggerListener.log Command line argument: --add-opens=java.rmi/sun.rmi.transport=ALL-UNNAMED
26-Oct-2024 14:21:01.604 INFO [main] org.apache.catalina.startup.VersionLoggerListener.log Command line argument: -Dcatalina.home=C:\jdk\Apache Software Foundation\Tomcat 10.1
26-Oct-2024 14:21:01.604 INFO [main] org.apache.catalina.startup.VersionLoggerListener.log Command line argument: -Dcatalina.base=C:\Users\abhin\Downloads\delete\mvc
26-Oct-2024 14:21:01.604 INFO [main] org.apache.catalina.startup.VersionLoggerListener.log Command line argument: -Djava.io.tmpdir=C:\Users\abhin\Downloads\delete\mvc\temp
26-Oct-2024 14:21:01.604 INFO [main] org.apache.catalina.startup.VersionLoggerListener.log Command line argument: -Djava.util.logging.config.file=C:\Users\abhin\Downloads\delete\mvc\conf\logging.properties
26-Oct-2024 14:21:01.604 INFO [main] org.apache.catalina.startup.VersionLoggerListener.log Command line argument: -Djava.util.logging.manager=org.apache.juli.ClassLoaderLogManager
26-Oct-2024 14:21:01.604 INFO [main] org.apache.catalina.startup.VersionLoggerListener.log Command line argument: -javaagent:C:\Program Files\JetBrains\IntelliJ IDEA Community Edition 2024.2.3\lib\idea_rt.jar=57087:C:\Program Files\JetBrains\IntelliJ IDEA Community Edition 2024.2.3\bin
26-Oct-2024 14:21:01.605 INFO [main] org.apache.catalina.startup.VersionLoggerListener.log Command line argument: -Dfile.encoding=UTF-8
26-Oct-2024 14:21:01.605 INFO [main] org.apache.catalina.startup.VersionLoggerListener.log Command line argument: -Dsun.stdout.encoding=UTF-8
26-Oct-2024 14:21:01.605 INFO [main] org.apache.catalina.startup.VersionLoggerListener.log Command line argument: -Dsun.stderr.encoding=UTF-8
26-Oct-2024 14:21:01.613 INFO [main] org.apache.catalina.core.AprLifecycleListener.lifecycleEvent The Apache Tomcat Native library which allows using OpenSSL was not found on the java.library.path: [C:\Program Files\Java\jdk-22\bin;C:\Windows\Sun\Java\bin;C:\Windows\system32;C:\Windows;C:\Program Files\Common Files\Oracle\Java\javapath;C:\Windows\system32;C:\Windows;C:\Windows\System32\Wbem;C:\Windows\System32\WindowsPowerShell\v1.0\;C:\Windows\System32\OpenSSH\;C:\Program Files\Git\cmd;C:\Program Files\Java\jdk-17\bin;;C:\Program Files\Docker\Docker\resources\bin;C:\Program Files\MySQL\MySQL Shell 8.0\bin\;C:\Users\abhin\AppData\Local\Microsoft\WindowsApps;C:\Program Files\JetBrain\IntelliJ IDEA 2024.2.3\bin;;C:\Program Files\Java\jdk-17\bin;;C:\Program Files\JetBrains\IntelliJ IDEA Community Edition 2024.2.3\bin;;C:\Users\abhin\AppData\Local\Programs\Microsoft VS Code\bin;C:\IdemiaL1RdService\RDService;C:\IdemiaL1RdService\RDService;C:\IdemiaL1RdService\RDService;C:\IdemiaL1RdService\RDService;C:\IdemiaL1RdService\RDService;C:\Program Files (x86)\Brackets\;.]
26-Oct-2024 14:21:02.122 INFO [main] org.apache.coyote.AbstractProtocol.init Initializing ProtocolHandler ["http-nio-8080"]
26-Oct-2024 14:21:02.151 INFO [main] org.apache.catalina.startup.Catalina.load Server initialization in [986] milliseconds
26-Oct-2024 14:21:02.232 INFO [main] org.apache.catalina.core.StandardService.startInternal Starting service [Catalina]
26-Oct-2024 14:21:02.232 INFO [main] org.apache.catalina.core.StandardEngine.startInternal Starting Servlet engine: [Apache Tomcat/10.1.28]
26-Oct-2024 14:21:02.248 INFO [main] org.apache.catalina.startup.HostConfig.deployDescriptor Deploying deployment descriptor [C:\Users\abhin\Downloads\delete\mvc\conf\Catalina\localhost\mvc.xml]
26-Oct-2024 14:21:04.735 INFO [main] org.apache.jasper.servlet.TldScanner.scanJars At least one JAR was scanned for TLDs yet contained no TLDs. Enable debug logging for this logger for a complete list of JARs that were scanned but no TLDs were found in them. Skipping unneeded JARs during scanning can improve startup time and JSP compilation time.
26-Oct-2024 14:21:04.813 INFO [main] org.apache.catalina.startup.HostConfig.deployDescriptor Deployment of deployment descriptor [C:\Users\abhin\Downloads\delete\mvc\conf\Catalina\localhost\mvc.xml] has finished in [2,563] ms
26-Oct-2024 14:21:04.818 INFO [main] org.apache.coyote.AbstractProtocol.start Starting ProtocolHandler ["http-nio-8080"]
26-Oct-2024 14:21:04.848 INFO [main] org.apache.catalina.startup.Catalina.start Server startup in [2695] milliseconds
26-Oct-2024 14:21:13.912 INFO [http-nio-8080-exec-3] org.springframework.web.servlet.FrameworkServlet.initServletBean Initializing Servlet 'spring'
26-Oct-2024 14:21:17.736 INFO [http-nio-8080-exec-3] org.springframework.web.servlet.FrameworkServlet.initServletBean Completed initialization in 3823 ms
26-Oct-2024 14:21:17.809 WARNING [http-nio-8080-exec-3] org.springframework.web.servlet.DispatcherServlet.noHandlerFound No mapping for GET /mvc/demo
26-Oct-2024 14:21:17.833 WARNING [http-nio-8080-exec-3] org.springframework.web.servlet.mvc.support.DefaultHandlerExceptionResolver.handleNoHandlerFoundException No endpoint GET /mvc/demo.
26-Oct-2024 14:22:11.971 INFO [Thread-1] org.apache.coyote.AbstractProtocol.pause Pausing ProtocolHandler ["http-nio-8080"]
26-Oct-2024 14:22:11.979 INFO [Thread-1] org.apache.catalina.core.StandardService.stopInternal Stopping service [Catalina]
26-Oct-2024 14:22:12.005 INFO [Thread-1] org.apache.coyote.AbstractProtocol.stop Stopping ProtocolHandler ["http-nio-8080"]
26-Oct-2024 14:22:12.020 INFO [Thread-1] org.apache.coyote.AbstractProtocol.destroy Destroying ProtocolHandler ["http-nio-8080"]
26-Oct-2024 14:22:16.112 INFO [main] org.apache.catalina.startup.VersionLoggerListener.log Server version name:   Apache Tomcat/10.1.28
26-Oct-2024 14:22:16.121 INFO [main] org.apache.catalina.startup.VersionLoggerListener.log Server built:          Aug 2 2024 15:14:43 UTC
26-Oct-2024 14:22:16.122 INFO [main] org.apache.catalina.startup.VersionLoggerListener.log Server version number: 10.1.28.0
26-Oct-2024 14:22:16.122 INFO [main] org.apache.catalina.startup.VersionLoggerListener.log OS Name:               Windows 11
26-Oct-2024 14:22:16.122 INFO [main] org.apache.catalina.startup.VersionLoggerListener.log OS Version:            10.0
26-Oct-2024 14:22:16.122 INFO [main] org.apache.catalina.startup.VersionLoggerListener.log Architecture:          amd64
26-Oct-2024 14:22:16.122 INFO [main] org.apache.catalina.startup.VersionLoggerListener.log Java Home:             C:\Program Files\Java\jdk-22
26-Oct-2024 14:22:16.123 INFO [main] org.apache.catalina.startup.VersionLoggerListener.log JVM Version:           22.0.1+8-16
26-Oct-2024 14:22:16.123 INFO [main] org.apache.catalina.startup.VersionLoggerListener.log JVM Vendor:            Oracle Corporation
26-Oct-2024 14:22:16.124 INFO [main] org.apache.catalina.startup.VersionLoggerListener.log CATALINA_BASE:         C:\Users\abhin\Downloads\delete\mvc
26-Oct-2024 14:22:16.124 INFO [main] org.apache.catalina.startup.VersionLoggerListener.log CATALINA_HOME:         C:\jdk\Apache Software Foundation\Tomcat 10.1
26-Oct-2024 14:22:16.198 INFO [main] org.apache.catalina.startup.VersionLoggerListener.log Command line argument: --add-opens=java.base/java.lang=ALL-UNNAMED
26-Oct-2024 14:22:16.199 INFO [main] org.apache.catalina.startup.VersionLoggerListener.log Command line argument: --add-opens=java.base/java.io=ALL-UNNAMED
26-Oct-2024 14:22:16.199 INFO [main] org.apache.catalina.startup.VersionLoggerListener.log Command line argument: --add-opens=java.base/java.util=ALL-UNNAMED
26-Oct-2024 14:22:16.199 INFO [main] org.apache.catalina.startup.VersionLoggerListener.log Command line argument: --add-opens=java.base/java.util.concurrent=ALL-UNNAMED
26-Oct-2024 14:22:16.199 INFO [main] org.apache.catalina.startup.VersionLoggerListener.log Command line argument: --add-opens=java.rmi/sun.rmi.transport=ALL-UNNAMED
26-Oct-2024 14:22:16.199 INFO [main] org.apache.catalina.startup.VersionLoggerListener.log Command line argument: -agentlib:jdwp=transport=dt_socket,address=127.0.0.1:57173,suspend=y,server=n
26-Oct-2024 14:22:16.199 INFO [main] org.apache.catalina.startup.VersionLoggerListener.log Command line argument: -Dcatalina.home=C:\jdk\Apache Software Foundation\Tomcat 10.1
26-Oct-2024 14:22:16.199 INFO [main] org.apache.catalina.startup.VersionLoggerListener.log Command line argument: -Dcatalina.base=C:\Users\abhin\Downloads\delete\mvc
26-Oct-2024 14:22:16.199 INFO [main] org.apache.catalina.startup.VersionLoggerListener.log Command line argument: -Djava.io.tmpdir=C:\Users\abhin\Downloads\delete\mvc\temp
26-Oct-2024 14:22:16.200 INFO [main] org.apache.catalina.startup.VersionLoggerListener.log Command line argument: -Djava.util.logging.config.file=C:\Users\abhin\Downloads\delete\mvc\conf\logging.properties
26-Oct-2024 14:22:16.200 INFO [main] org.apache.catalina.startup.VersionLoggerListener.log Command line argument: -Djava.util.logging.manager=org.apache.juli.ClassLoaderLogManager
26-Oct-2024 14:22:16.200 INFO [main] org.apache.catalina.startup.VersionLoggerListener.log Command line argument: -javaagent:C:\Users\abhin\AppData\Local\JetBrains\IdeaIC2024.2\captureAgent\debugger-agent.jar
26-Oct-2024 14:22:16.200 INFO [main] org.apache.catalina.startup.VersionLoggerListener.log Command line argument: -Dkotlinx.coroutines.debug.enable.creation.stack.trace=false
26-Oct-2024 14:22:16.200 INFO [main] org.apache.catalina.startup.VersionLoggerListener.log Command line argument: -Ddebugger.agent.enable.coroutines=true
26-Oct-2024 14:22:16.200 INFO [main] org.apache.catalina.startup.VersionLoggerListener.log Command line argument: -Dfile.encoding=UTF-8
26-Oct-2024 14:22:16.200 INFO [main] org.apache.catalina.startup.VersionLoggerListener.log Command line argument: -Dsun.stdout.encoding=UTF-8
26-Oct-2024 14:22:16.200 INFO [main] org.apache.catalina.startup.VersionLoggerListener.log Command line argument: -Dsun.stderr.encoding=UTF-8
26-Oct-2024 14:22:16.218 INFO [main] org.apache.catalina.core.AprLifecycleListener.lifecycleEvent The Apache Tomcat Native library which allows using OpenSSL was not found on the java.library.path: [C:\Program Files\Java\jdk-22\bin;C:\Windows\Sun\Java\bin;C:\Windows\system32;C:\Windows;C:\Program Files\Common Files\Oracle\Java\javapath;C:\Windows\system32;C:\Windows;C:\Windows\System32\Wbem;C:\Windows\System32\WindowsPowerShell\v1.0\;C:\Windows\System32\OpenSSH\;C:\Program Files\Git\cmd;C:\Program Files\Java\jdk-17\bin;;C:\Program Files\Docker\Docker\resources\bin;C:\Program Files\MySQL\MySQL Shell 8.0\bin\;C:\Users\abhin\AppData\Local\Microsoft\WindowsApps;C:\Program Files\JetBrain\IntelliJ IDEA 2024.2.3\bin;;C:\Program Files\Java\jdk-17\bin;;C:\Program Files\JetBrains\IntelliJ IDEA Community Edition 2024.2.3\bin;;C:\Users\abhin\AppData\Local\Programs\Microsoft VS Code\bin;C:\IdemiaL1RdService\RDService;C:\IdemiaL1RdService\RDService;C:\IdemiaL1RdService\RDService;C:\IdemiaL1RdService\RDService;C:\IdemiaL1RdService\RDService;C:\Program Files (x86)\Brackets\;.]
26-Oct-2024 14:22:21.008 INFO [main] org.apache.catalina.startup.VersionLoggerListener.log Server version name:   Apache Tomcat/10.1.28
26-Oct-2024 14:22:21.013 INFO [main] org.apache.catalina.startup.VersionLoggerListener.log Server built:          Aug 2 2024 15:14:43 UTC
26-Oct-2024 14:22:21.015 INFO [main] org.apache.catalina.startup.VersionLoggerListener.log Server version number: 10.1.28.0
26-Oct-2024 14:22:21.016 INFO [main] org.apache.catalina.startup.VersionLoggerListener.log OS Name:               Windows 11
26-Oct-2024 14:22:21.016 INFO [main] org.apache.catalina.startup.VersionLoggerListener.log OS Version:            10.0
26-Oct-2024 14:22:21.016 INFO [main] org.apache.catalina.startup.VersionLoggerListener.log Architecture:          amd64
26-Oct-2024 14:22:21.016 INFO [main] org.apache.catalina.startup.VersionLoggerListener.log Java Home:             C:\Program Files\Java\jdk-22
26-Oct-2024 14:22:21.017 INFO [main] org.apache.catalina.startup.VersionLoggerListener.log JVM Version:           22.0.1+8-16
26-Oct-2024 14:22:21.017 INFO [main] org.apache.catalina.startup.VersionLoggerListener.log JVM Vendor:            Oracle Corporation
26-Oct-2024 14:22:21.017 INFO [main] org.apache.catalina.startup.VersionLoggerListener.log CATALINA_BASE:         C:\Users\abhin\Downloads\delete\mvc
26-Oct-2024 14:22:21.018 INFO [main] org.apache.catalina.startup.VersionLoggerListener.log CATALINA_HOME:         C:\jdk\Apache Software Foundation\Tomcat 10.1
26-Oct-2024 14:22:21.030 INFO [main] org.apache.catalina.startup.VersionLoggerListener.log Command line argument: --add-opens=java.base/java.lang=ALL-UNNAMED
26-Oct-2024 14:22:21.031 INFO [main] org.apache.catalina.startup.VersionLoggerListener.log Command line argument: --add-opens=java.base/java.io=ALL-UNNAMED
26-Oct-2024 14:22:21.031 INFO [main] org.apache.catalina.startup.VersionLoggerListener.log Command line argument: --add-opens=java.base/java.util=ALL-UNNAMED
26-Oct-2024 14:22:21.031 INFO [main] org.apache.catalina.startup.VersionLoggerListener.log Command line argument: --add-opens=java.base/java.util.concurrent=ALL-UNNAMED
26-Oct-2024 14:22:21.031 INFO [main] org.apache.catalina.startup.VersionLoggerListener.log Command line argument: --add-opens=java.rmi/sun.rmi.transport=ALL-UNNAMED
26-Oct-2024 14:22:21.031 INFO [main] org.apache.catalina.startup.VersionLoggerListener.log Command line argument: -Dcatalina.home=C:\jdk\Apache Software Foundation\Tomcat 10.1
26-Oct-2024 14:22:21.031 INFO [main] org.apache.catalina.startup.VersionLoggerListener.log Command line argument: -Dcatalina.base=C:\Users\abhin\Downloads\delete\mvc
26-Oct-2024 14:22:21.031 INFO [main] org.apache.catalina.startup.VersionLoggerListener.log Command line argument: -Djava.io.tmpdir=C:\Users\abhin\Downloads\delete\mvc\temp
26-Oct-2024 14:22:21.032 INFO [main] org.apache.catalina.startup.VersionLoggerListener.log Command line argument: -Djava.util.logging.config.file=C:\Users\abhin\Downloads\delete\mvc\conf\logging.properties
26-Oct-2024 14:22:21.032 INFO [main] org.apache.catalina.startup.VersionLoggerListener.log Command line argument: -Djava.util.logging.manager=org.apache.juli.ClassLoaderLogManager
26-Oct-2024 14:22:21.032 INFO [main] org.apache.catalina.startup.VersionLoggerListener.log Command line argument: -javaagent:C:\Program Files\JetBrains\IntelliJ IDEA Community Edition 2024.2.3\lib\idea_rt.jar=57176:C:\Program Files\JetBrains\IntelliJ IDEA Community Edition 2024.2.3\bin
26-Oct-2024 14:22:21.032 INFO [main] org.apache.catalina.startup.VersionLoggerListener.log Command line argument: -Dfile.encoding=UTF-8
26-Oct-2024 14:22:21.033 INFO [main] org.apache.catalina.startup.VersionLoggerListener.log Command line argument: -Dsun.stdout.encoding=UTF-8
26-Oct-2024 14:22:21.033 INFO [main] org.apache.catalina.startup.VersionLoggerListener.log Command line argument: -Dsun.stderr.encoding=UTF-8
26-Oct-2024 14:22:21.042 INFO [main] org.apache.catalina.core.AprLifecycleListener.lifecycleEvent The Apache Tomcat Native library which allows using OpenSSL was not found on the java.library.path: [C:\Program Files\Java\jdk-22\bin;C:\Windows\Sun\Java\bin;C:\Windows\system32;C:\Windows;C:\Program Files\Common Files\Oracle\Java\javapath;C:\Windows\system32;C:\Windows;C:\Windows\System32\Wbem;C:\Windows\System32\WindowsPowerShell\v1.0\;C:\Windows\System32\OpenSSH\;C:\Program Files\Git\cmd;C:\Program Files\Java\jdk-17\bin;;C:\Program Files\Docker\Docker\resources\bin;C:\Program Files\MySQL\MySQL Shell 8.0\bin\;C:\Users\abhin\AppData\Local\Microsoft\WindowsApps;C:\Program Files\JetBrain\IntelliJ IDEA 2024.2.3\bin;;C:\Program Files\Java\jdk-17\bin;;C:\Program Files\JetBrains\IntelliJ IDEA Community Edition 2024.2.3\bin;;C:\Users\abhin\AppData\Local\Programs\Microsoft VS Code\bin;C:\IdemiaL1RdService\RDService;C:\IdemiaL1RdService\RDService;C:\IdemiaL1RdService\RDService;C:\IdemiaL1RdService\RDService;C:\IdemiaL1RdService\RDService;C:\Program Files (x86)\Brackets\;.]
26-Oct-2024 14:22:21.682 INFO [main] org.apache.coyote.AbstractProtocol.init Initializing ProtocolHandler ["http-nio-8080"]
26-Oct-2024 14:22:21.726 INFO [main] org.apache.catalina.startup.Catalina.load Server initialization in [1027] milliseconds
26-Oct-2024 14:22:21.832 INFO [main] org.apache.catalina.core.StandardService.startInternal Starting service [Catalina]
26-Oct-2024 14:22:21.832 INFO [main] org.apache.catalina.core.StandardEngine.startInternal Starting Servlet engine: [Apache Tomcat/10.1.28]
26-Oct-2024 14:22:21.858 INFO [main] org.apache.catalina.startup.HostConfig.deployDescriptor Deploying deployment descriptor [C:\Users\abhin\Downloads\delete\mvc\conf\Catalina\localhost\mvc.xml]
26-Oct-2024 14:22:24.379 INFO [main] org.apache.jasper.servlet.TldScanner.scanJars At least one JAR was scanned for TLDs yet contained no TLDs. Enable debug logging for this logger for a complete list of JARs that were scanned but no TLDs were found in them. Skipping unneeded JARs during scanning can improve startup time and JSP compilation time.
26-Oct-2024 14:22:24.453 INFO [main] org.apache.catalina.startup.HostConfig.deployDescriptor Deployment of deployment descriptor [C:\Users\abhin\Downloads\delete\mvc\conf\Catalina\localhost\mvc.xml] has finished in [2,593] ms
26-Oct-2024 14:22:24.458 INFO [main] org.apache.coyote.AbstractProtocol.start Starting ProtocolHandler ["http-nio-8080"]
26-Oct-2024 14:22:24.488 INFO [main] org.apache.catalina.startup.Catalina.start Server startup in [2759] milliseconds
26-Oct-2024 14:22:24.728 INFO [http-nio-8080-exec-1] org.springframework.web.servlet.FrameworkServlet.initServletBean Initializing Servlet 'spring'
26-Oct-2024 14:22:26.446 INFO [http-nio-8080-exec-1] org.springframework.web.servlet.FrameworkServlet.initServletBean Completed initialization in 1716 ms
26-Oct-2024 14:22:36.873 INFO [Thread-1] org.apache.coyote.AbstractProtocol.pause Pausing ProtocolHandler ["http-nio-8080"]
26-Oct-2024 14:22:36.881 INFO [Thread-1] org.apache.catalina.core.StandardService.stopInternal Stopping service [Catalina]
26-Oct-2024 14:22:36.905 INFO [Thread-1] org.apache.coyote.AbstractProtocol.stop Stopping ProtocolHandler ["http-nio-8080"]
26-Oct-2024 14:22:36.916 INFO [Thread-1] org.apache.coyote.AbstractProtocol.destroy Destroying ProtocolHandler ["http-nio-8080"]
26-Oct-2024 14:22:41.129 INFO [main] org.apache.catalina.startup.VersionLoggerListener.log Server version name:   Apache Tomcat/10.1.28
26-Oct-2024 14:22:41.136 INFO [main] org.apache.catalina.startup.VersionLoggerListener.log Server built:          Aug 2 2024 15:14:43 UTC
26-Oct-2024 14:22:41.136 INFO [main] org.apache.catalina.startup.VersionLoggerListener.log Server version number: 10.1.28.0
26-Oct-2024 14:22:41.137 INFO [main] org.apache.catalina.startup.VersionLoggerListener.log OS Name:               Windows 11
26-Oct-2024 14:22:41.137 INFO [main] org.apache.catalina.startup.VersionLoggerListener.log OS Version:            10.0
26-Oct-2024 14:22:41.137 INFO [main] org.apache.catalina.startup.VersionLoggerListener.log Architecture:          amd64
26-Oct-2024 14:22:41.138 INFO [main] org.apache.catalina.startup.VersionLoggerListener.log Java Home:             C:\Program Files\Java\jdk-22
26-Oct-2024 14:22:41.138 INFO [main] org.apache.catalina.startup.VersionLoggerListener.log JVM Version:           22.0.1+8-16
26-Oct-2024 14:22:41.138 INFO [main] org.apache.catalina.startup.VersionLoggerListener.log JVM Vendor:            Oracle Corporation
26-Oct-2024 14:22:41.138 INFO [main] org.apache.catalina.startup.VersionLoggerListener.log CATALINA_BASE:         C:\Users\abhin\Downloads\delete\mvc
26-Oct-2024 14:22:41.138 INFO [main] org.apache.catalina.startup.VersionLoggerListener.log CATALINA_HOME:         C:\jdk\Apache Software Foundation\Tomcat 10.1
26-Oct-2024 14:22:41.151 INFO [main] org.apache.catalina.startup.VersionLoggerListener.log Command line argument: --add-opens=java.base/java.lang=ALL-UNNAMED
26-Oct-2024 14:22:41.152 INFO [main] org.apache.catalina.startup.VersionLoggerListener.log Command line argument: --add-opens=java.base/java.io=ALL-UNNAMED
26-Oct-2024 14:22:41.152 INFO [main] org.apache.catalina.startup.VersionLoggerListener.log Command line argument: --add-opens=java.base/java.util=ALL-UNNAMED
26-Oct-2024 14:22:41.152 INFO [main] org.apache.catalina.startup.VersionLoggerListener.log Command line argument: --add-opens=java.base/java.util.concurrent=ALL-UNNAMED
26-Oct-2024 14:22:41.152 INFO [main] org.apache.catalina.startup.VersionLoggerListener.log Command line argument: --add-opens=java.rmi/sun.rmi.transport=ALL-UNNAMED
26-Oct-2024 14:22:41.152 INFO [main] org.apache.catalina.startup.VersionLoggerListener.log Command line argument: -Dcatalina.home=C:\jdk\Apache Software Foundation\Tomcat 10.1
26-Oct-2024 14:22:41.152 INFO [main] org.apache.catalina.startup.VersionLoggerListener.log Command line argument: -Dcatalina.base=C:\Users\abhin\Downloads\delete\mvc
26-Oct-2024 14:22:41.152 INFO [main] org.apache.catalina.startup.VersionLoggerListener.log Command line argument: -Djava.io.tmpdir=C:\Users\abhin\Downloads\delete\mvc\temp
26-Oct-2024 14:22:41.152 INFO [main] org.apache.catalina.startup.VersionLoggerListener.log Command line argument: -Djava.util.logging.config.file=C:\Users\abhin\Downloads\delete\mvc\conf\logging.properties
26-Oct-2024 14:22:41.154 INFO [main] org.apache.catalina.startup.VersionLoggerListener.log Command line argument: -Djava.util.logging.manager=org.apache.juli.ClassLoaderLogManager
26-Oct-2024 14:22:41.154 INFO [main] org.apache.catalina.startup.VersionLoggerListener.log Command line argument: -javaagent:C:\Program Files\JetBrains\IntelliJ IDEA Community Edition 2024.2.3\lib\idea_rt.jar=57193:C:\Program Files\JetBrains\IntelliJ IDEA Community Edition 2024.2.3\bin
26-Oct-2024 14:22:41.154 INFO [main] org.apache.catalina.startup.VersionLoggerListener.log Command line argument: -Dfile.encoding=UTF-8
26-Oct-2024 14:22:41.154 INFO [main] org.apache.catalina.startup.VersionLoggerListener.log Command line argument: -Dsun.stdout.encoding=UTF-8
26-Oct-2024 14:22:41.154 INFO [main] org.apache.catalina.startup.VersionLoggerListener.log Command line argument: -Dsun.stderr.encoding=UTF-8
26-Oct-2024 14:22:41.163 INFO [main] org.apache.catalina.core.AprLifecycleListener.lifecycleEvent The Apache Tomcat Native library which allows using OpenSSL was not found on the java.library.path: [C:\Program Files\Java\jdk-22\bin;C:\Windows\Sun\Java\bin;C:\Windows\system32;C:\Windows;C:\Program Files\Common Files\Oracle\Java\javapath;C:\Windows\system32;C:\Windows;C:\Windows\System32\Wbem;C:\Windows\System32\WindowsPowerShell\v1.0\;C:\Windows\System32\OpenSSH\;C:\Program Files\Git\cmd;C:\Program Files\Java\jdk-17\bin;;C:\Program Files\Docker\Docker\resources\bin;C:\Program Files\MySQL\MySQL Shell 8.0\bin\;C:\Users\abhin\AppData\Local\Microsoft\WindowsApps;C:\Program Files\JetBrain\IntelliJ IDEA 2024.2.3\bin;;C:\Program Files\Java\jdk-17\bin;;C:\Program Files\JetBrains\IntelliJ IDEA Community Edition 2024.2.3\bin;;C:\Users\abhin\AppData\Local\Programs\Microsoft VS Code\bin;C:\IdemiaL1RdService\RDService;C:\IdemiaL1RdService\RDService;C:\IdemiaL1RdService\RDService;C:\IdemiaL1RdService\RDService;C:\IdemiaL1RdService\RDService;C:\Program Files (x86)\Brackets\;.]
26-Oct-2024 14:22:41.633 INFO [main] org.apache.coyote.AbstractProtocol.init Initializing ProtocolHandler ["http-nio-8080"]
26-Oct-2024 14:22:41.666 INFO [main] org.apache.catalina.startup.Catalina.load Server initialization in [980] milliseconds
26-Oct-2024 14:22:41.751 INFO [main] org.apache.catalina.core.StandardService.startInternal Starting service [Catalina]
26-Oct-2024 14:22:41.751 INFO [main] org.apache.catalina.core.StandardEngine.startInternal Starting Servlet engine: [Apache Tomcat/10.1.28]
26-Oct-2024 14:22:41.769 INFO [main] org.apache.catalina.startup.HostConfig.deployDescriptor Deploying deployment descriptor [C:\Users\abhin\Downloads\delete\mvc\conf\Catalina\localhost\mvc.xml]
26-Oct-2024 14:22:44.380 INFO [main] org.apache.jasper.servlet.TldScanner.scanJars At least one JAR was scanned for TLDs yet contained no TLDs. Enable debug logging for this logger for a complete list of JARs that were scanned but no TLDs were found in them. Skipping unneeded JARs during scanning can improve startup time and JSP compilation time.
26-Oct-2024 14:22:44.449 INFO [main] org.apache.catalina.startup.HostConfig.deployDescriptor Deployment of deployment descriptor [C:\Users\abhin\Downloads\delete\mvc\conf\Catalina\localhost\mvc.xml] has finished in [2,680] ms
26-Oct-2024 14:22:44.456 INFO [main] org.apache.coyote.AbstractProtocol.start Starting ProtocolHandler ["http-nio-8080"]
26-Oct-2024 14:22:44.484 INFO [main] org.apache.catalina.startup.Catalina.start Server startup in [2815] milliseconds
26-Oct-2024 14:22:44.667 INFO [http-nio-8080-exec-1] org.springframework.web.servlet.FrameworkServlet.initServletBean Initializing Servlet 'spring'
26-Oct-2024 14:22:46.284 INFO [http-nio-8080-exec-1] org.springframework.web.servlet.FrameworkServlet.initServletBean Completed initialization in 1615 ms
26-Oct-2024 14:23:19.736 INFO [Thread-1] org.apache.coyote.AbstractProtocol.pause Pausing ProtocolHandler ["http-nio-8080"]
26-Oct-2024 14:23:19.742 INFO [Thread-1] org.apache.catalina.core.StandardService.stopInternal Stopping service [Catalina]
26-Oct-2024 14:23:19.761 INFO [Thread-1] org.apache.coyote.AbstractProtocol.stop Stopping ProtocolHandler ["http-nio-8080"]
26-Oct-2024 14:23:19.778 INFO [Thread-1] org.apache.coyote.AbstractProtocol.destroy Destroying ProtocolHandler ["http-nio-8080"]
